{
  "stats": {
    "suites": 1,
    "tests": 3,
    "passes": 3,
    "pending": 0,
    "failures": 0,
    "start": "2020-07-20T11:22:52.055Z",
    "end": "2020-07-20T11:22:53.914Z",
    "duration": 1859,
    "testsRegistered": 3,
    "passPercent": 100,
    "pendingPercent": 0,
    "other": 0,
    "hasOther": false,
    "skipped": 0,
    "hasSkipped": false
  },
  "results": [
    {
      "uuid": "b24d7152-06e6-4342-8ac6-4ef744b4505b",
      "title": "",
      "fullFile": "cypress/integration/backend-auth-assignment02.spec.js",
      "file": "cypress/integration/backend-auth-assignment02.spec.js",
      "beforeHooks": [],
      "afterHooks": [],
      "tests": [],
      "suites": [
        {
          "uuid": "af6e731d-f22e-45ea-81cf-60fe51765d37",
          "title": "testing auth",
          "fullFile": "",
          "file": "",
          "beforeHooks": [],
          "afterHooks": [],
          "tests": [
            {
              "title": "test case 1 - Create a new Random Bill (GET & POST)",
              "fullTitle": "testing auth test case 1 - Create a new Random Bill (GET & POST)",
              "timedOut": null,
              "duration": 666,
              "state": "passed",
              "speed": "slow",
              "pass": true,
              "fail": false,
              "pending": false,
              "context": null,
              "code": "billHelpers.createBillRequest(cy);",
              "err": {},
              "uuid": "0810cab0-6828-4e35-88ad-d1d073379f88",
              "parentUUID": "af6e731d-f22e-45ea-81cf-60fe51765d37",
              "isHook": false,
              "skipped": false
            },
            {
              "title": "test case 2 - Create & Get all bills (GET & POST)",
              "fullTitle": "testing auth test case 2 - Create & Get all bills (GET & POST)",
              "timedOut": null,
              "duration": 602,
              "state": "passed",
              "speed": "slow",
              "pass": true,
              "fail": false,
              "pending": false,
              "context": null,
              "code": "billHelpers.createBillRequest(cy);",
              "err": {},
              "uuid": "0f14fd48-0644-4e69-81e6-4ae52beca125",
              "parentUUID": "af6e731d-f22e-45ea-81cf-60fe51765d37",
              "isHook": false,
              "skipped": false
            },
            {
              "title": "test case 3 - Creatre a Bill & delete it (GET, POST & DELETE)",
              "fullTitle": "testing auth test case 3 - Creatre a Bill & delete it (GET, POST & DELETE)",
              "timedOut": null,
              "duration": 565,
              "state": "passed",
              "speed": "slow",
              "pass": true,
              "fail": false,
              "pending": false,
              "context": null,
              "code": "billHelpers.createBillRequestAndDelete(cy);",
              "err": {},
              "uuid": "e5d5bbae-9350-4901-91f2-b4d0f7a13d73",
              "parentUUID": "af6e731d-f22e-45ea-81cf-60fe51765d37",
              "isHook": false,
              "skipped": false
            }
          ],
          "suites": [],
          "passes": [
            "0810cab0-6828-4e35-88ad-d1d073379f88",
            "0f14fd48-0644-4e69-81e6-4ae52beca125",
            "e5d5bbae-9350-4901-91f2-b4d0f7a13d73"
          ],
          "failures": [],
          "pending": [],
          "skipped": [],
          "duration": 1833,
          "root": false,
          "rootEmpty": false,
          "_timeout": 2000
        }
      ],
      "passes": [],
      "failures": [],
      "pending": [],
      "skipped": [],
      "duration": 0,
      "root": true,
      "rootEmpty": true,
      "_timeout": 2000
    }
  ],
  "meta": {
    "mocha": {
      "version": "7.0.1"
    },
    "mochawesome": {
      "options": {
        "quiet": false,
        "reportFilename": "mochawesome",
        "saveHtml": true,
        "saveJson": true,
        "consoleReporter": "spec",
        "useInlineDiffs": false,
        "code": true
      },
      "version": "6.1.1"
    },
    "marge": {
      "options": {},
      "version": "5.1.0"
    }
  }
}