{
  "stats": {
    "suites": 1,
    "tests": 3,
    "passes": 3,
    "pending": 0,
    "failures": 0,
    "start": "2020-07-20T04:51:50.336Z",
    "end": "2020-07-20T04:51:52.228Z",
    "duration": 1892,
    "testsRegistered": 3,
    "passPercent": 100,
    "pendingPercent": 0,
    "other": 0,
    "hasOther": false,
    "skipped": 0,
    "hasSkipped": false
  },
  "results": [
    {
      "uuid": "5d34871e-36bd-4198-9fc0-0189a6c92dd8",
      "title": "",
      "fullFile": "cypress/integration/backend-auth-assignment02.spec.js",
      "file": "cypress/integration/backend-auth-assignment02.spec.js",
      "beforeHooks": [],
      "afterHooks": [],
      "tests": [],
      "suites": [
        {
          "uuid": "bec2cd18-f992-4f59-807c-4d928d814e5d",
          "title": "testing auth",
          "fullFile": "",
          "file": "",
          "beforeHooks": [],
          "afterHooks": [],
          "tests": [
            {
              "title": "test case 1 - Create a new Random Bill (GET & POST)",
              "fullTitle": "testing auth test case 1 - Create a new Random Bill (GET & POST)",
              "timedOut": null,
              "duration": 678,
              "state": "passed",
              "speed": "slow",
              "pass": true,
              "fail": false,
              "pending": false,
              "context": null,
              "code": "billHelpers.createBillRequest(cy);",
              "err": {},
              "uuid": "8ae7f331-99bb-49ef-8967-e969ca1f89a7",
              "parentUUID": "bec2cd18-f992-4f59-807c-4d928d814e5d",
              "isHook": false,
              "skipped": false
            },
            {
              "title": "test case 2 - Create & Get all bills (GET & POST)",
              "fullTitle": "testing auth test case 2 - Create & Get all bills (GET & POST)",
              "timedOut": null,
              "duration": 569,
              "state": "passed",
              "speed": "slow",
              "pass": true,
              "fail": false,
              "pending": false,
              "context": null,
              "code": "billHelpers.createBillRequest(cy);",
              "err": {},
              "uuid": "75f2a007-8759-4bd1-abd2-cfed0592b7ce",
              "parentUUID": "bec2cd18-f992-4f59-807c-4d928d814e5d",
              "isHook": false,
              "skipped": false
            },
            {
              "title": "test case 3 - Creatre a Bill & delete it (GET, POST & DELETE)",
              "fullTitle": "testing auth test case 3 - Creatre a Bill & delete it (GET, POST & DELETE)",
              "timedOut": null,
              "duration": 582,
              "state": "passed",
              "speed": "slow",
              "pass": true,
              "fail": false,
              "pending": false,
              "context": null,
              "code": "billHelpers.createBillRequestAndDelete(cy);",
              "err": {},
              "uuid": "16405e8c-5d73-42b4-814a-19ab81ffa8ec",
              "parentUUID": "bec2cd18-f992-4f59-807c-4d928d814e5d",
              "isHook": false,
              "skipped": false
            }
          ],
          "suites": [],
          "passes": [
            "8ae7f331-99bb-49ef-8967-e969ca1f89a7",
            "75f2a007-8759-4bd1-abd2-cfed0592b7ce",
            "16405e8c-5d73-42b4-814a-19ab81ffa8ec"
          ],
          "failures": [],
          "pending": [],
          "skipped": [],
          "duration": 1829,
          "root": false,
          "rootEmpty": false,
          "_timeout": 2000
        }
      ],
      "passes": [],
      "failures": [],
      "pending": [],
      "skipped": [],
      "duration": 0,
      "root": true,
      "rootEmpty": true,
      "_timeout": 2000
    }
  ],
  "meta": {
    "mocha": {
      "version": "7.0.1"
    },
    "mochawesome": {
      "options": {
        "quiet": false,
        "reportFilename": "mochawesome",
        "saveHtml": true,
        "saveJson": true,
        "consoleReporter": "spec",
        "useInlineDiffs": false,
        "code": true
      },
      "version": "6.1.1"
    },
    "marge": {
      "options": {},
      "version": "5.1.0"
    }
  }
}